2025-12-14 01:20:00, MOVE, v:1, k:poo@pagamento, mode:PICK
2025-12-14 01:20:00, EXEC, v:1, k:poo@pagamento, mode:LOCK, rate:0, size:60
2025-12-14 01:20:01, MOVE, v:1, k:poo@pagamento, mode:BACK
2025-12-14 01:29:50, MOVE, v:1, k:poo@pagamento, mode:PICK
2025-12-14 01:29:51, EXEC, v:1, k:poo@pagamento, mode:LOCK, rate:0, size:71
2025-12-14 01:29:53, MOVE, v:1, k:poo@pagamento, mode:BACK
2025-12-14 01:30:50, MOVE, v:1, k:poo@pagamento, mode:PICK
2025-12-14 01:30:50, EXEC, v:1, k:poo@pagamento, mode:LOCK, rate:0, size:71
2025-12-14 01:30:53, MOVE, v:1, k:poo@pagamento, mode:BACK
2025-12-14 01:32:36, MOVE, v:1, k:poo@pagamento, mode:PICK
2025-12-14 01:32:37, EXEC, v:1, k:poo@pagamento, mode:LOCK, rate:0, size:63
2025-12-14 01:32:38, EXEC, v:1, k:poo@pagamento, mode:LOCK, rate:0
2025-12-14 01:33:30, EXEC, v:1, k:poo@pagamento, mode:LOCK, rate:100, size:63
2025-12-14 01:33:32, EXEC, v:1, k:poo@pagamento, mode:LOCK, rate:100
2025-12-14 01:33:33, EXEC, v:1, k:poo@pagamento, mode:LOCK, rate:100
2025-12-14 01:33:35, EXEC, v:1, k:poo@pagamento, mode:LOCK, rate:100
2025-12-14 01:33:36, EXEC, v:1, k:poo@pagamento, mode:LOCK, rate:100
2025-12-14 01:33:36, MOVE, v:1, k:poo@pagamento, mode:BACK
2025-12-14 01:36:18, MOVE, v:1, k:poo@pagamento, mode:PICK
2025-12-14 01:36:19, EXEC, v:1, k:poo@pagamento, mode:LOCK, rate:0, size:68
2025-12-14 01:37:04, EXEC, v:1, k:poo@pagamento, mode:LOCK, rate:0, size:68
2025-12-14 01:37:05, EXEC, v:1, k:poo@pagamento, mode:LOCK, rate:0
2025-12-14 01:37:07, EXEC, v:1, k:poo@pagamento, mode:LOCK, rate:0
2025-12-14 01:37:26, EXEC, v:1, k:poo@pagamento, mode:LOCK, rate:0, size:68
2025-12-14 01:37:30, EXEC, v:1, k:poo@pagamento, mode:LOCK, rate:0
2025-12-14 01:37:43, EXEC, v:1, k:poo@pagamento, mode:LOCK, rate:0, size:68
2025-12-14 01:37:43, EXEC, v:1, k:poo@pagamento, mode:LOCK, rate:0, size:68
2025-12-14 01:37:44, EXEC, v:1, k:poo@pagamento, mode:LOCK, rate:0, size:68
2025-12-14 01:37:56, EXEC, v:1, k:poo@pagamento, mode:LOCK, rate:100, size:66
2025-12-14 01:37:56, EXEC, v:1, k:poo@pagamento, mode:LOCK, rate:100, size:66
2025-12-14 01:37:57, EXEC, v:1, k:poo@pagamento, mode:LOCK, rate:100, size:66
2025-12-14 01:37:58, EXEC, v:1, k:poo@pagamento, mode:LOCK, rate:100
2025-12-14 01:38:04, EXEC, v:1, k:poo@pagamento, mode:LOCK, rate:100
2025-12-14 01:45:35, EXEC, v:1, k:poo@pagamento, mode:LOCK, rate:100, size:66
2025-12-14 01:45:36, EXEC, v:1, k:poo@pagamento, mode:LOCK, rate:100
2025-12-14 01:45:37, MOVE, v:1, k:poo@pagamento, mode:BACK
2025-12-14 01:59:07, MOVE, v:1, k:poo@pagamento, mode:PICK
2025-12-14 01:59:08, EXEC, v:1, k:poo@pagamento, mode:LOCK, rate:100
2025-12-14 01:59:08, EXEC, v:1, k:poo@pagamento, mode:LOCK, rate:100
2025-12-14 01:59:09, MOVE, v:1, k:poo@pagamento, mode:BACK
2025-12-14 02:04:18, MOVE, v:1, k:poo@pagamento, mode:PICK
2025-12-14 02:04:19, EXEC, v:1, k:poo@pagamento, mode:LOCK, rate:0, size:68
2025-12-14 02:04:24, EXEC, v:1, k:poo@pagamento, mode:LOCK, rate:0
2025-12-14 02:04:38, EXEC, v:1, k:poo@pagamento, mode:LOCK, rate:0, size:68
2025-12-14 02:04:39, EXEC, v:1, k:poo@pagamento, mode:LOCK, rate:0
2025-12-14 02:04:46, EXEC, v:1, k:poo@pagamento, mode:LOCK, rate:0, size:68
2025-12-14 02:04:54, EXEC, v:1, k:poo@pagamento, mode:LOCK, rate:0, size:68
2025-12-14 02:04:55, EXEC, v:1, k:poo@pagamento, mode:LOCK, rate:0
2025-12-14 02:05:07, EXEC, v:1, k:poo@pagamento, mode:LOCK, rate:0, size:68
2025-12-14 02:05:08, EXEC, v:1, k:poo@pagamento, mode:LOCK, rate:0
2025-12-14 02:06:03, EXEC, v:1, k:poo@pagamento, mode:LOCK, rate:0, size:71
2025-12-14 02:06:04, EXEC, v:1, k:poo@pagamento, mode:LOCK, rate:0
2025-12-14 02:06:31, EXEC, v:1, k:poo@pagamento, mode:LOCK, rate:0, size:71
2025-12-14 02:06:32, EXEC, v:1, k:poo@pagamento, mode:LOCK, rate:0
2025-12-14 02:06:40, MOVE, v:1, k:poo@pagamento, mode:BACK
2025-12-14 02:07:39, SELF, v:1, k:poo@pagamento, rate:90, other:s, alone:10, study:139
