2025-12-13 01:28:56, MOVE, v:1, k:poo@pagamento, mode:PICK
2025-12-13 01:28:56, EXEC, v:1, k:poo@pagamento, mode:LOCK, rate:0, size:47
2025-12-13 01:28:59, MOVE, v:1, k:poo@pagamento, mode:BACK
2025-12-13 01:32:30, MOVE, v:1, k:poo@pagamento, mode:PICK
2025-12-13 01:32:31, EXEC, v:1, k:poo@pagamento, mode:LOCK, rate:0, size:47
2025-12-13 01:32:31, EXEC, v:1, k:poo@pagamento, mode:LOCK, rate:0, size:47
2025-12-13 01:32:32, MOVE, v:1, k:poo@pagamento, mode:BACK
2025-12-13 01:38:06, MOVE, v:1, k:poo@pagamento, mode:PICK
2025-12-13 01:38:07, EXEC, v:1, k:poo@pagamento, mode:LOCK, rate:0, size:49
2025-12-13 01:38:10, MOVE, v:1, k:poo@pagamento, mode:BACK
2025-12-13 01:49:52, MOVE, v:1, k:poo@pagamento, mode:PICK
2025-12-13 01:49:53, EXEC, v:1, k:poo@pagamento, mode:LOCK, rate:0, size:60
2025-12-13 01:49:54, EXEC, v:1, k:poo@pagamento, mode:LOCK, rate:0
2025-12-13 01:49:55, EXEC, v:1, k:poo@pagamento, mode:LOCK, rate:0
2025-12-13 01:49:55, EXEC, v:1, k:poo@pagamento, mode:LOCK, rate:0
2025-12-13 01:50:29, EXEC, v:1, k:poo@pagamento, mode:LOCK, rate:0, size:60
2025-12-13 01:50:30, EXEC, v:1, k:poo@pagamento, mode:LOCK, rate:0
2025-12-13 01:50:44, EXEC, v:1, k:poo@pagamento, mode:LOCK, rate:0, size:60
2025-12-13 01:51:42, EXEC, v:1, k:poo@pagamento, mode:LOCK, rate:0
2025-12-13 01:51:43, EXEC, v:1, k:poo@pagamento, mode:LOCK, rate:0
2025-12-13 01:51:44, MOVE, v:1, k:poo@pagamento, mode:BACK
2025-12-13 18:45:31, MOVE, v:1, k:poo@zoo, mode:PICK
2025-12-13 18:45:32, EXEC, v:1, k:poo@zoo, mode:LOCK, rate:0, size:1
2025-12-13 18:45:34, MOVE, v:1, k:poo@zoo, mode:BACK
2025-12-13 18:45:47, MOVE, v:1, k:poo@pagamento, mode:PICK
2025-12-13 18:45:47, EXEC, v:1, k:poo@pagamento, mode:LOCK, rate:0
2025-12-13 18:46:06, EXEC, v:1, k:poo@pagamento, mode:LOCK, rate:0, size:59
2025-12-13 18:46:07, EXEC, v:1, k:poo@pagamento, mode:LOCK, rate:0
2025-12-13 18:46:23, EXEC, v:1, k:poo@pagamento, mode:LOCK, rate:0, size:60
2025-12-13 18:46:35, EXEC, v:1, k:poo@pagamento, mode:LOCK, rate:0, size:60
2025-12-13 18:46:42, EXEC, v:1, k:poo@pagamento, mode:LOCK, rate:0, size:58
2025-12-13 18:46:49, EXEC, v:1, k:poo@pagamento, mode:LOCK, rate:100, size:0
