2025-12-15 01:29:36, MOVE, v:1, k:poo@zoo, mode:PICK
2025-12-15 01:29:37, EXEC, v:1, k:poo@zoo, mode:LOCK, rate:0
2025-12-15 01:29:39, MOVE, v:1, k:poo@zoo, mode:BACK
2025-12-15 01:29:44, MOVE, v:1, k:poo@zoo, mode:PICK
2025-12-15 01:29:44, EXEC, v:1, k:poo@zoo, mode:LOCK, rate:0
2025-12-15 01:29:45, MOVE, v:1, k:poo@zoo, mode:BACK
2025-12-15 01:33:32, MOVE, v:1, k:poo@zoo, mode:PICK
2025-12-15 01:33:33, EXEC, v:1, k:poo@zoo, mode:LOCK, rate:100, size:6
2025-12-15 01:33:34, EXEC, v:1, k:poo@zoo, mode:LOCK, rate:100
2025-12-15 01:33:35, MOVE, v:1, k:poo@zoo, mode:BACK
2025-12-15 01:52:48, MOVE, v:1, k:poo@zoo, mode:PICK
2025-12-15 01:52:48, EXEC, v:1, k:poo@zoo, mode:LOCK, rate:0, size:23
2025-12-15 01:52:49, EXEC, v:1, k:poo@zoo, mode:LOCK, rate:0
2025-12-15 01:52:50, MOVE, v:1, k:poo@zoo, mode:BACK
2025-12-15 01:54:47, MOVE, v:1, k:poo@zoo, mode:PICK
2025-12-15 01:54:47, EXEC, v:1, k:poo@zoo, mode:LOCK, rate:0, size:27
2025-12-15 01:54:48, MOVE, v:1, k:poo@zoo, mode:BACK
2025-12-15 01:58:38, MOVE, v:1, k:poo@zoo, mode:PICK
2025-12-15 01:58:38, EXEC, v:1, k:poo@zoo, mode:LOCK, rate:0, size:36
2025-12-15 01:58:39, EXEC, v:1, k:poo@zoo, mode:LOCK, rate:0
2025-12-15 01:58:40, MOVE, v:1, k:poo@zoo, mode:BACK
2025-12-15 02:02:04, MOVE, v:1, k:poo@zoo, mode:PICK
2025-12-15 02:02:05, EXEC, v:1, k:poo@zoo, mode:LOCK, rate:100, size:36
2025-12-15 02:02:06, EXEC, v:1, k:poo@zoo, mode:LOCK, rate:100
2025-12-15 02:02:06, EXEC, v:1, k:poo@zoo, mode:LOCK, rate:100
2025-12-15 02:02:07, MOVE, v:1, k:poo@zoo, mode:BACK
2025-12-15 02:06:47, MOVE, v:1, k:poo@zoo, mode:PICK
2025-12-15 02:06:48, EXEC, v:1, k:poo@zoo, mode:LOCK, rate:100, size:37
2025-12-15 02:06:49, EXEC, v:1, k:poo@zoo, mode:LOCK, rate:100
2025-12-15 02:06:49, MOVE, v:1, k:poo@zoo, mode:BACK
2025-12-15 02:09:27, MOVE, v:1, k:poo@zoo, mode:PICK
2025-12-15 02:09:28, EXEC, v:1, k:poo@zoo, mode:LOCK, rate:100
2025-12-15 02:09:28, EXEC, v:1, k:poo@zoo, mode:LOCK, rate:100
2025-12-15 02:09:29, MOVE, v:1, k:poo@zoo, mode:BACK
2025-12-15 02:10:40, MOVE, v:1, k:poo@zoo, mode:PICK
2025-12-15 02:10:40, EXEC, v:1, k:poo@zoo, mode:LOCK, rate:100, size:41
2025-12-15 02:10:41, EXEC, v:1, k:poo@zoo, mode:LOCK, rate:100
2025-12-15 02:10:42, MOVE, v:1, k:poo@zoo, mode:BACK
2025-12-15 02:13:37, MOVE, v:1, k:poo@zoo, mode:PICK
2025-12-15 02:13:38, EXEC, v:1, k:poo@zoo, mode:LOCK, rate:100
2025-12-15 02:13:38, EXEC, v:1, k:poo@zoo, mode:LOCK, rate:100
2025-12-15 02:13:39, MOVE, v:1, k:poo@zoo, mode:BACK
2025-12-15 02:13:48, MOVE, v:1, k:poo@zoo, mode:PICK
2025-12-15 02:13:48, EXEC, v:1, k:poo@zoo, mode:LOCK, rate:100
2025-12-15 02:13:49, EXEC, v:1, k:poo@zoo, mode:LOCK, rate:100
2025-12-15 02:13:50, EXEC, v:1, k:poo@zoo, mode:LOCK, rate:100
2025-12-15 02:13:50, MOVE, v:1, k:poo@zoo, mode:BACK
2025-12-15 02:21:56, MOVE, v:1, k:poo@zoo, mode:PICK
2025-12-15 02:21:57, EXEC, v:1, k:poo@zoo, mode:LOCK, rate:100, size:45
2025-12-15 02:21:58, EXEC, v:1, k:poo@zoo, mode:LOCK, rate:100
2025-12-15 02:21:58, MOVE, v:1, k:poo@zoo, mode:BACK
2025-12-15 02:24:33, MOVE, v:1, k:poo@zoo, mode:PICK
2025-12-15 02:24:34, EXEC, v:1, k:poo@zoo, mode:LOCK, rate:0, size:47
2025-12-15 02:24:35, EXEC, v:1, k:poo@zoo, mode:LOCK, rate:0
2025-12-15 02:24:35, MOVE, v:1, k:poo@zoo, mode:BACK
2025-12-15 02:29:58, MOVE, v:1, k:poo@zoo, mode:PICK
2025-12-15 02:29:58, EXEC, v:1, k:poo@zoo, mode:LOCK, rate:100, size:50
2025-12-15 02:29:59, EXEC, v:1, k:poo@zoo, mode:LOCK, rate:100
2025-12-15 02:30:00, EXEC, v:1, k:poo@zoo, mode:LOCK, rate:100
2025-12-15 02:30:00, MOVE, v:1, k:poo@zoo, mode:BACK
2025-12-15 02:34:01, MOVE, v:1, k:poo@zoo, mode:PICK
2025-12-15 02:34:01, EXEC, v:1, k:poo@zoo, mode:LOCK, rate:0, size:59
2025-12-15 02:34:02, EXEC, v:1, k:poo@zoo, mode:LOCK, rate:0
2025-12-15 02:34:18, EXEC, v:1, k:poo@zoo, mode:LOCK, rate:100, size:59
2025-12-15 02:34:18, EXEC, v:1, k:poo@zoo, mode:LOCK, rate:100, size:59
2025-12-15 02:34:19, EXEC, v:1, k:poo@zoo, mode:LOCK, rate:100, size:59
2025-12-15 02:34:28, EXEC, v:1, k:poo@zoo, mode:LOCK, rate:100
2025-12-15 02:34:29, EXEC, v:1, k:poo@zoo, mode:LOCK, rate:100
2025-12-15 02:34:29, EXEC, v:1, k:poo@zoo, mode:LOCK, rate:100
2025-12-15 02:34:29, EXEC, v:1, k:poo@zoo, mode:LOCK, rate:100
2025-12-15 02:34:30, EXEC, v:1, k:poo@zoo, mode:LOCK, rate:100
2025-12-15 02:34:41, EXEC, v:1, k:poo@zoo, mode:LOCK, rate:100
2025-12-15 02:34:42, EXEC, v:1, k:poo@zoo, mode:LOCK, rate:100
2025-12-15 02:34:42, EXEC, v:1, k:poo@zoo, mode:LOCK, rate:100
2025-12-15 02:34:43, EXEC, v:1, k:poo@zoo, mode:LOCK, rate:100
2025-12-15 02:34:43, EXEC, v:1, k:poo@zoo, mode:LOCK, rate:100
2025-12-15 02:34:59, EXEC, v:1, k:poo@zoo, mode:FREE
2025-12-15 02:35:49, EXEC, v:1, k:poo@zoo, mode:LOCK, rate:100
2025-12-15 02:35:49, EXEC, v:1, k:poo@zoo, mode:LOCK, rate:100
2025-12-15 02:35:49, EXEC, v:1, k:poo@zoo, mode:LOCK, rate:100
2025-12-15 02:35:50, EXEC, v:1, k:poo@zoo, mode:LOCK, rate:100
2025-12-15 02:35:50, EXEC, v:1, k:poo@zoo, mode:LOCK, rate:100
2025-12-15 02:35:50, MOVE, v:1, k:poo@zoo, mode:BACK
2025-12-15 02:36:47, MOVE, v:1, k:poo@zoo, mode:PICK
2025-12-15 02:36:48, EXEC, v:1, k:poo@zoo, mode:LOCK, rate:0, size:59
2025-12-15 02:36:54, EXEC, v:1, k:poo@zoo, mode:LOCK, rate:0
2025-12-15 02:36:57, EXEC, v:1, k:poo@zoo, mode:LOCK, rate:0
2025-12-15 02:36:58, EXEC, v:1, k:poo@zoo, mode:LOCK, rate:0
2025-12-15 02:37:10, EXEC, v:1, k:poo@zoo, mode:LOCK, rate:100, size:59
2025-12-15 02:37:10, EXEC, v:1, k:poo@zoo, mode:LOCK, rate:100, size:59
2025-12-15 02:37:11, EXEC, v:1, k:poo@zoo, mode:LOCK, rate:100, size:59
2025-12-15 02:37:12, EXEC, v:1, k:poo@zoo, mode:FREE
2025-12-15 02:40:11, MOVE, v:1, k:poo@zoo, mode:BACK
2025-12-15 02:40:59, SELF, v:1, k:poo@zoo, rate:100, guide:s, alone:10, study:67
2025-12-15 02:41:36, SELF, v:1, k:poo@pagamento, rate:100, other:s, alone:10, study:139
2025-12-15 02:42:07, MOVE, v:1, k:poo@pagamento, mode:PICK
2025-12-15 02:42:07, EXEC, v:1, k:poo@pagamento, mode:LOCK, rate:100, size:62
2025-12-15 02:42:08, EXEC, v:1, k:poo@pagamento, mode:LOCK, rate:100
2025-12-15 02:42:09, MOVE, v:1, k:poo@pagamento, mode:BACK
